<?xml version="1.0" encoding="UTF-8" ?>
<testsuite failures="0" time="1.073" errors="0" skipped="0" tests="19" name="com.timgroup.statsd.NonBlockingStatsDClientTest">
  <properties>
[...]
</properties>
  <testcase time="0.074" classname="com.timgroup.statsd.NonBlockingStatsDClientTest" name="sends_counter_increment_to_statsd"/>
  <testcase time="0.063" classname="com.timgroup.statsd.NonBlockingStatsDClientTest" name="sends_timer_with_rate_to_statsd"/>
  <testcase time="0.054" classname="com.timgroup.statsd.NonBlockingStatsDClientTest" name="sends_counter_value_to_statsd"/>
  <testcase time="0.053" classname="com.timgroup.statsd.NonBlockingStatsDClientTest" name="sends_counter_decrement_to_statsd"/>
  <testcase time="0.056" classname="com.timgroup.statsd.NonBlockingStatsDClientTest" name="sends_gauge_zero_delta_to_statsd"/>
  <testcase time="0.055" classname="com.timgroup.statsd.NonBlockingStatsDClientTest" name="sends_timer_to_statsd"/>
  <testcase time="0.056" classname="com.timgroup.statsd.NonBlockingStatsDClientTest" name="sends_timer_to_statsd_based_on_specified_start_time_to_now"/>
  <testcase time="0.055" classname="com.timgroup.statsd.NonBlockingStatsDClientTest" name="sends_set_to_statsd"/>
  <testcase time="0.056" classname="com.timgroup.statsd.NonBlockingStatsDClientTest" name="sends_gauge_negative_delta_to_statsd"/>
  <testcase time="0.054" classname="com.timgroup.statsd.NonBlockingStatsDClientTest" name="sends_negagive_gauge_to_statsd_by_resetting_to_zero_first"/>
  <testcase time="0.053" classname="com.timgroup.statsd.NonBlockingStatsDClientTest" name="sends_zero_gauge_to_statsd"/>
  <testcase time="0.056" classname="com.timgroup.statsd.NonBlockingStatsDClientTest" name="allows_null_prefix"/>
  <testcase time="0.053" classname="com.timgroup.statsd.NonBlockingStatsDClientTest" name="sends_gauge_to_statsd"/>
  <testcase time="0.06" classname="com.timgroup.statsd.NonBlockingStatsDClientTest" name="sends_timer_of_zero_to_statsd_based_on_specified_start_time_in_the_future"/>
  <testcase time="0.053" classname="com.timgroup.statsd.NonBlockingStatsDClientTest" name="sends_fractional_gauge_to_statsd"/>
  <testcase time="0.057" classname="com.timgroup.statsd.NonBlockingStatsDClientTest" name="sends_large_fractional_gauge_to_statsd"/>
  <testcase time="0.054" classname="com.timgroup.statsd.NonBlockingStatsDClientTest" name="sends_counter_value_with_rate_to_statsd"/>
  <testcase time="0.056" classname="com.timgroup.statsd.NonBlockingStatsDClientTest" name="allows_empty_prefix"/>
  <testcase time="0.055" classname="com.timgroup.statsd.NonBlockingStatsDClientTest" name="sends_gauge_positive_delta_to_statsd"/>
</testsuite>